PLINK v1.90b4.4 64-bit (21 May 2017)
Options in effect:
  --adjust
  --assoc
  --bfile gwas
  --out gwas_as

Hostname: node007
Working directory: /data4/genomics2020/users/conor/gwas
Start time: Wed Dec 16 22:33:23 2020

Random number seed: 1608158003
32193 MB RAM detected; reserving 16096 MB for main workspace.
306102 variants loaded from .bim file.
4000 people (2000 males, 2000 females) loaded from .fam.
4000 phenotype values loaded from .fam.
Using 1 thread (no multithreaded calculations invoked).
Before main variant filters, 4000 founders and 0 nonfounders present.
Calculating allele frequencies... done.
Total genotyping rate is 0.983323.
306102 variants and 4000 people pass filters and QC.
Among remaining phenotypes, 2000 are cases and 2000 are controls.
Writing C/C --assoc report to gwas_as.assoc ... done.
--adjust: Genomic inflation est. lambda (based on median chisq) = 1.01019.
--adjust values (306102 variants) written to gwas_as.assoc.adjusted .

End time: Wed Dec 16 22:33:26 2020
