PLINK v1.90b4.4 64-bit (21 May 2017)
Options in effect:
  --bfile gwas
  --hardy
  --out gwas_hardy

Hostname: node007
Working directory: /data4/genomics2020/users/conor/gwas
Start time: Wed Dec 16 20:48:21 2020

Random number seed: 1608151701
32193 MB RAM detected; reserving 16096 MB for main workspace.
306102 variants loaded from .bim file.
4000 people (2000 males, 2000 females) loaded from .fam.
4000 phenotype values loaded from .fam.
Using 1 thread (no multithreaded calculations invoked).
Before main variant filters, 4000 founders and 0 nonfounders present.
Calculating allele frequencies... done.
Total genotyping rate is 0.983323.
--hardy: Writing Hardy-Weinberg report (founders only) to gwas_hardy.hwe ...
done.

End time: Wed Dec 16 20:48:24 2020
